<?xml version="1.0" encoding="utf-8"?>
<TestRun id="8c12ce0a-6686-402c-8371-4f1f69b94daa" name="geo45@PORTAL 2020-10-01 04:14:11" runUser="PORTAL\geo45" xmlns="http://microsoft.com/schemas/VisualStudio/TeamTest/2010">
  <Times creation="2020-10-01T04:14:11.2389846+01:00" queuing="2020-10-01T04:14:11.2389862+01:00" start="2020-10-01T04:14:09.8801733+01:00" finish="2020-10-01T04:14:11.2501182+01:00" />
  <TestSettings name="default" id="7eb20553-d9e4-4bb0-8a3c-f6d26d54c78b">
    <Deployment runDeploymentRoot="geo45_PORTAL_2020-10-01_04_14_11" />
  </TestSettings>
  <Results>
    <UnitTestResult executionId="9319977a-0168-4e94-9584-9ea54ce40b79" testId="e3a00a18-b8aa-d5c3-bba7-4b2a5ce53258" testName="Auditable.AspNetCore.Tests.When_creating_a_log_entry_with_an_authorized_user_and_request_id.should_add_the_expected_log_entry" computerName="PORTAL" duration="00:00:00.0256379" startTime="2020-10-01T04:14:11.0984849+01:00" endTime="2020-10-01T04:14:11.1241228+01:00" testType="13cdc9d9-ddb5-4fa4-a97d-d965ccfc6d4b" outcome="Passed" testListId="8c84fa94-04c1-424b-9868-57a2d4851a1d" relativeResultsDirectory="9319977a-0168-4e94-9584-9ea54ce40b79" />
  </Results>
  <TestDefinitions>
    <UnitTest name="Auditable.AspNetCore.Tests.When_creating_a_log_entry_with_an_authorized_user_and_request_id.should_add_the_expected_log_entry" storage="d:\_code\gh-labs\auditable\src\auditable.aspnetcore.tests\bin\release\netcoreapp3.1\auditable.aspnetcore.tests.dll" id="e3a00a18-b8aa-d5c3-bba7-4b2a5ce53258">
      <Execution id="9319977a-0168-4e94-9584-9ea54ce40b79" />
      <TestMethod codeBase="D:\_code\gh-labs\auditable\src\Auditable.AspNetCore.Tests\bin\Release\netcoreapp3.1\Auditable.AspNetCore.Tests.dll" adapterTypeName="executor://machine.vstestadapter/" className="Auditable.AspNetCore.Tests" name="When_creating_a_log_entry_with_an_authorized_user_and_request_id::should_add_the_expected_log_entry" />
    </UnitTest>
  </TestDefinitions>
  <TestEntries>
    <TestEntry testId="e3a00a18-b8aa-d5c3-bba7-4b2a5ce53258" executionId="9319977a-0168-4e94-9584-9ea54ce40b79" testListId="8c84fa94-04c1-424b-9868-57a2d4851a1d" />
  </TestEntries>
  <TestLists>
    <TestList name="Results Not in a List" id="8c84fa94-04c1-424b-9868-57a2d4851a1d" />
    <TestList name="All Loaded Results" id="19431567-8539-422a-85d7-44ee4e166bda" />
  </TestLists>
  <ResultSummary outcome="Completed">
    <Counters total="1" executed="1" passed="1" failed="0" error="0" timeout="0" aborted="0" inconclusive="0" passedButRunAborted="0" notRunnable="0" notExecuted="0" disconnected="0" warning="0" completed="0" inProgress="0" pending="0" />
    <Output>
      <StdOut>Machine Specifications Visual Studio Test Adapter - Executing Source Specifications.&#xD;
Machine Specifications Visual Studio Test Adapter - Discovering Specifications.&#xD;
Machine Specifications Visual Studio Test Adapter - Discovering...looking in D:\_code\gh-labs\auditable\src\Auditable.AspNetCore.Tests\bin\Release\netcoreapp3.1\Auditable.AspNetCore.Tests.dll&#xD;
Machine Specifications Visual Studio Test Adapter - Discovery Complete - 1 specifications in 1 of 1 assemblies scanned.&#xD;
Machine Specifications Visual Studio Test Adapter - Executing Test Specifications.&#xD;
Machine Specifications Visual Studio Test Adapter - Filter property set ''&#xD;
Machine Specifications Visual Studio Test Adapter - Executing 1 tests in 'D:\_code\gh-labs\auditable\src\Auditable.AspNetCore.Tests\bin\Release\netcoreapp3.1\Auditable.AspNetCore.Tests.dll'.&#xD;
Machine Specifications Visual Studio Test Adapter - Execution Complete - 1 of 1 specifications in 1 assemblies.&#xD;
Machine Specifications Visual Studio Test Adapter - Executing Source Specifications Complete.&#xD;
</StdOut>
    </Output>
  </ResultSummary>
</TestRun>