<?xml version="1.0" encoding="utf-8"?>
<TestRun id="6358f48d-e91f-4d1f-a09f-4cc55f0f1558" name="geo45@PORTAL 2020-09-29 23:02:13" runUser="PORTAL\geo45" xmlns="http://microsoft.com/schemas/VisualStudio/TeamTest/2010">
  <Times creation="2020-09-29T23:02:13.8459283+01:00" queuing="2020-09-29T23:02:13.8459301+01:00" start="2020-09-29T23:02:12.5421210+01:00" finish="2020-09-29T23:02:13.8570020+01:00" />
  <TestSettings name="default" id="d10cfb61-8d50-45d9-9aa0-9a397c683e4e">
    <Deployment runDeploymentRoot="geo45_PORTAL_2020-09-29_23_02_13" />
  </TestSettings>
  <Results>
    <UnitTestResult executionId="0ab0cf3f-013d-48d9-acda-ee2db95f7fd4" testId="e3a00a18-b8aa-d5c3-bba7-4b2a5ce53258" testName="Auditable.AspNetCore.Tests.When_creating_a_log_entry_with_an_authorized_user_and_request_id.should_add_the_expected_log_entry" computerName="PORTAL" duration="00:00:00.0261310" startTime="2020-09-29T23:02:13.7141487+01:00" endTime="2020-09-29T23:02:13.7402797+01:00" testType="13cdc9d9-ddb5-4fa4-a97d-d965ccfc6d4b" outcome="Passed" testListId="8c84fa94-04c1-424b-9868-57a2d4851a1d" relativeResultsDirectory="0ab0cf3f-013d-48d9-acda-ee2db95f7fd4" />
  </Results>
  <TestDefinitions>
    <UnitTest name="Auditable.AspNetCore.Tests.When_creating_a_log_entry_with_an_authorized_user_and_request_id.should_add_the_expected_log_entry" storage="d:\_code\gh-labs\auditable\src\auditable.aspnetcore.tests\bin\release\netcoreapp3.1\auditable.aspnetcore.tests.dll" id="e3a00a18-b8aa-d5c3-bba7-4b2a5ce53258">
      <Execution id="0ab0cf3f-013d-48d9-acda-ee2db95f7fd4" />
      <TestMethod codeBase="D:\_code\gh-labs\auditable\src\Auditable.AspNetCore.Tests\bin\Release\netcoreapp3.1\Auditable.AspNetCore.Tests.dll" adapterTypeName="executor://machine.vstestadapter/" className="Auditable.AspNetCore.Tests" name="When_creating_a_log_entry_with_an_authorized_user_and_request_id::should_add_the_expected_log_entry" />
    </UnitTest>
  </TestDefinitions>
  <TestEntries>
    <TestEntry testId="e3a00a18-b8aa-d5c3-bba7-4b2a5ce53258" executionId="0ab0cf3f-013d-48d9-acda-ee2db95f7fd4" testListId="8c84fa94-04c1-424b-9868-57a2d4851a1d" />
  </TestEntries>
  <TestLists>
    <TestList name="Results Not in a List" id="8c84fa94-04c1-424b-9868-57a2d4851a1d" />
    <TestList name="All Loaded Results" id="19431567-8539-422a-85d7-44ee4e166bda" />
  </TestLists>
  <ResultSummary outcome="Completed">
    <Counters total="1" executed="1" passed="1" failed="0" error="0" timeout="0" aborted="0" inconclusive="0" passedButRunAborted="0" notRunnable="0" notExecuted="0" disconnected="0" warning="0" completed="0" inProgress="0" pending="0" />
    <Output>
      <StdOut>Machine Specifications Visual Studio Test Adapter - Executing Source Specifications.&#xD;
Machine Specifications Visual Studio Test Adapter - Discovering Specifications.&#xD;
Machine Specifications Visual Studio Test Adapter - Discovering...looking in D:\_code\gh-labs\auditable\src\Auditable.AspNetCore.Tests\bin\Release\netcoreapp3.1\Auditable.AspNetCore.Tests.dll&#xD;
Machine Specifications Visual Studio Test Adapter - Discovery Complete - 1 specifications in 1 of 1 assemblies scanned.&#xD;
Machine Specifications Visual Studio Test Adapter - Executing Test Specifications.&#xD;
Machine Specifications Visual Studio Test Adapter - Filter property set ''&#xD;
Machine Specifications Visual Studio Test Adapter - Executing 1 tests in 'D:\_code\gh-labs\auditable\src\Auditable.AspNetCore.Tests\bin\Release\netcoreapp3.1\Auditable.AspNetCore.Tests.dll'.&#xD;
Machine Specifications Visual Studio Test Adapter - Execution Complete - 1 of 1 specifications in 1 assemblies.&#xD;
Machine Specifications Visual Studio Test Adapter - Executing Source Specifications Complete.&#xD;
</StdOut>
    </Output>
  </ResultSummary>
</TestRun>