<?xml version="1.0" encoding="utf-8"?>
<TestRun id="693826a6-f648-4f8f-8fff-f044814e535a" name="geo45@PORTAL 2020-10-01 04:14:10" runUser="PORTAL\geo45" xmlns="http://microsoft.com/schemas/VisualStudio/TeamTest/2010">
  <Times creation="2020-10-01T04:14:10.1283151+01:00" queuing="2020-10-01T04:14:10.1283171+01:00" start="2020-10-01T04:14:09.1498677+01:00" finish="2020-10-01T04:14:10.1594750+01:00" />
  <TestSettings name="default" id="b233d03b-fbba-4b6b-bde2-3c7fbf63a9a6">
    <Deployment runDeploymentRoot="geo45_PORTAL_2020-10-01_04_14_10" />
  </TestSettings>
  <Results>
    <UnitTestResult executionId="d5eb4d24-a6ec-48ca-821b-a03c50dbb1ce" testId="61def5dd-942e-d4df-41fb-10ad521291a0" testName="Auditable.Tests.Format.When_creating_a_log_entry.should_add_the_expected_log_entry" computerName="PORTAL" duration="00:00:00.0007785" startTime="2020-10-01T04:14:10.0671762+01:00" endTime="2020-10-01T04:14:10.0679547+01:00" testType="13cdc9d9-ddb5-4fa4-a97d-d965ccfc6d4b" outcome="Passed" testListId="8c84fa94-04c1-424b-9868-57a2d4851a1d" relativeResultsDirectory="d5eb4d24-a6ec-48ca-821b-a03c50dbb1ce" />
    <UnitTestResult executionId="e5bfaa41-2117-4fc0-844a-0819b7988a21" testId="0607017b-715c-dd8e-c55e-45b70c70f7d0" testName="Auditable.Tests.Core.Observed.When_auditing_observed_read.should_have_a_target_with_audit_read_and_no_delta" computerName="PORTAL" duration="00:00:00.0007803" startTime="2020-10-01T04:14:10.0649026+01:00" endTime="2020-10-01T04:14:10.0656829+01:00" testType="13cdc9d9-ddb5-4fa4-a97d-d965ccfc6d4b" outcome="Passed" testListId="8c84fa94-04c1-424b-9868-57a2d4851a1d" relativeResultsDirectory="e5bfaa41-2117-4fc0-844a-0819b7988a21" />
    <UnitTestResult executionId="f42c2840-a7d4-4219-94f2-e7090a93e36c" testId="392a950a-9445-0f26-decb-7f05dac3176d" testName="Auditable.Tests.Format.When_writing_an_audit_entry.should_log_using_json_format" computerName="PORTAL" duration="00:00:00.0013803" startTime="2020-10-01T04:14:10.0904673+01:00" endTime="2020-10-01T04:14:10.0918476+01:00" testType="13cdc9d9-ddb5-4fa4-a97d-d965ccfc6d4b" outcome="Passed" testListId="8c84fa94-04c1-424b-9868-57a2d4851a1d" relativeResultsDirectory="f42c2840-a7d4-4219-94f2-e7090a93e36c" />
    <UnitTestResult executionId="50638044-280e-4afc-b918-b57d38967a35" testId="47864e48-4f98-d2d6-8900-2232bfec76ea" testName="Auditable.Tests.Core.Explicit.When_auditing_explicit_delete.should_have_a_target_with_audit_removed_and_no_delta" computerName="PORTAL" duration="00:00:00.0009934" startTime="2020-10-01T04:14:10.0460625+01:00" endTime="2020-10-01T04:14:10.0470559+01:00" testType="13cdc9d9-ddb5-4fa4-a97d-d965ccfc6d4b" outcome="Passed" testListId="8c84fa94-04c1-424b-9868-57a2d4851a1d" relativeResultsDirectory="50638044-280e-4afc-b918-b57d38967a35" />
    <UnitTestResult executionId="b369fb0d-0c43-4595-a05b-d297da096110" testId="bb768799-f189-d40a-c75e-01677e5412fa" testName="Auditable.Tests.Core.When_the_scope_name_is_set.should_log_an_entry_with_the_action_name_set" computerName="PORTAL" duration="00:00:00.0018461" startTime="2020-10-01T04:14:10.0421317+01:00" endTime="2020-10-01T04:14:10.0439778+01:00" testType="13cdc9d9-ddb5-4fa4-a97d-d965ccfc6d4b" outcome="Passed" testListId="8c84fa94-04c1-424b-9868-57a2d4851a1d" relativeResultsDirectory="b369fb0d-0c43-4595-a05b-d297da096110" />
    <UnitTestResult executionId="c9308fbb-488d-4402-af1e-57703fa75467" testId="0370c5b5-5e9b-c4f2-8a4f-4d59326bac34" testName="Auditable.Tests.Core.Explicit.When_auditing_explicit_read.should_have_a_target_with_audit_removed_and_no_delta" computerName="PORTAL" duration="00:00:00.0008048" startTime="2020-10-01T04:14:10.0487479+01:00" endTime="2020-10-01T04:14:10.0495527+01:00" testType="13cdc9d9-ddb5-4fa4-a97d-d965ccfc6d4b" outcome="Passed" testListId="8c84fa94-04c1-424b-9868-57a2d4851a1d" relativeResultsDirectory="c9308fbb-488d-4402-af1e-57703fa75467" />
    <UnitTestResult executionId="91c08dbe-8394-4fd4-b6ed-5d8d6c2b7ea4" testId="caf0d6a6-31a7-4fcc-7c04-a161c49ef2ac" testName="Auditable.Tests.Core.When_autiding_2_objects_1_edit_1_read.should_add_a_single_log_entry_with_2_targets" computerName="PORTAL" duration="00:00:00.0270627" startTime="2020-10-01T04:14:10.0056683+01:00" endTime="2020-10-01T04:14:10.0327310+01:00" testType="13cdc9d9-ddb5-4fa4-a97d-d965ccfc6d4b" outcome="Passed" testListId="8c84fa94-04c1-424b-9868-57a2d4851a1d" relativeResultsDirectory="91c08dbe-8394-4fd4-b6ed-5d8d6c2b7ea4" />
    <UnitTestResult executionId="10964fc1-b218-4f18-97bb-27715c8798aa" testId="4e7a9016-5d2b-3e11-4acd-c15a63cae108" testName="Auditable.Tests.Core.Observed.When_auditing_observed_change.should_have_recorded_a_delta" computerName="PORTAL" duration="00:00:00.0099701" startTime="2020-10-01T04:14:10.0533269+01:00" endTime="2020-10-01T04:14:10.0632970+01:00" testType="13cdc9d9-ddb5-4fa4-a97d-d965ccfc6d4b" outcome="Passed" testListId="8c84fa94-04c1-424b-9868-57a2d4851a1d" relativeResultsDirectory="10964fc1-b218-4f18-97bb-27715c8798aa" />
    <UnitTestResult executionId="5016e060-0f9d-4806-8e58-c8e062e6cdeb" testId="a18df17d-2b83-1690-4c22-a62619d97dd1" testName="Auditable.Tests.Core.Observed.When_auditing_observed_change.should_have_a_target_with_audit_modified" computerName="PORTAL" duration="00:00:00.0009280" startTime="2020-10-01T04:14:10.0516488+01:00" endTime="2020-10-01T04:14:10.0525768+01:00" testType="13cdc9d9-ddb5-4fa4-a97d-d965ccfc6d4b" outcome="Passed" testListId="8c84fa94-04c1-424b-9868-57a2d4851a1d" relativeResultsDirectory="5016e060-0f9d-4806-8e58-c8e062e6cdeb" />
    <UnitTestResult executionId="fe3e0768-e5bf-4098-8605-0377eb01c042" testId="cc0cb48e-7d81-1feb-175d-5ece48c3b2b7" testName="Auditable.Tests.Core.Observed.When_auditing_observed_change.should_have_a_deltas_entry" computerName="PORTAL" duration="00:00:00.0006747" startTime="2020-10-01T04:14:10.0526190+01:00" endTime="2020-10-01T04:14:10.0532937+01:00" testType="13cdc9d9-ddb5-4fa4-a97d-d965ccfc6d4b" outcome="Passed" testListId="8c84fa94-04c1-424b-9868-57a2d4851a1d" relativeResultsDirectory="fe3e0768-e5bf-4098-8605-0377eb01c042" />
  </Results>
  <TestDefinitions>
    <UnitTest name="Auditable.Tests.Core.Observed.When_auditing_observed_change.should_have_a_deltas_entry" storage="d:\_code\gh-labs\auditable\src\auditable.tests\bin\release\netcoreapp3.1\auditable.tests.dll" id="cc0cb48e-7d81-1feb-175d-5ece48c3b2b7">
      <Execution id="fe3e0768-e5bf-4098-8605-0377eb01c042" />
      <TestMethod codeBase="D:\_code\gh-labs\auditable\src\Auditable.Tests\bin\Release\netcoreapp3.1\Auditable.Tests.dll" adapterTypeName="executor://machine.vstestadapter/" className="Auditable.Tests.Core.Observed" name="When_auditing_observed_change::should_have_a_deltas_entry" />
    </UnitTest>
    <UnitTest name="Auditable.Tests.Core.Observed.When_auditing_observed_read.should_have_a_target_with_audit_read_and_no_delta" storage="d:\_code\gh-labs\auditable\src\auditable.tests\bin\release\netcoreapp3.1\auditable.tests.dll" id="0607017b-715c-dd8e-c55e-45b70c70f7d0">
      <Execution id="e5bfaa41-2117-4fc0-844a-0819b7988a21" />
      <TestMethod codeBase="D:\_code\gh-labs\auditable\src\Auditable.Tests\bin\Release\netcoreapp3.1\Auditable.Tests.dll" adapterTypeName="executor://machine.vstestadapter/" className="Auditable.Tests.Core.Observed" name="When_auditing_observed_read::should_have_a_target_with_audit_read_and_no_delta" />
    </UnitTest>
    <UnitTest name="Auditable.Tests.Format.When_writing_an_audit_entry.should_log_using_json_format" storage="d:\_code\gh-labs\auditable\src\auditable.tests\bin\release\netcoreapp3.1\auditable.tests.dll" id="392a950a-9445-0f26-decb-7f05dac3176d">
      <Execution id="f42c2840-a7d4-4219-94f2-e7090a93e36c" />
      <TestMethod codeBase="D:\_code\gh-labs\auditable\src\Auditable.Tests\bin\Release\netcoreapp3.1\Auditable.Tests.dll" adapterTypeName="executor://machine.vstestadapter/" className="Auditable.Tests.Format" name="When_writing_an_audit_entry::should_log_using_json_format" />
    </UnitTest>
    <UnitTest name="Auditable.Tests.Core.Observed.When_auditing_observed_change.should_have_recorded_a_delta" storage="d:\_code\gh-labs\auditable\src\auditable.tests\bin\release\netcoreapp3.1\auditable.tests.dll" id="4e7a9016-5d2b-3e11-4acd-c15a63cae108">
      <Execution id="10964fc1-b218-4f18-97bb-27715c8798aa" />
      <TestMethod codeBase="D:\_code\gh-labs\auditable\src\Auditable.Tests\bin\Release\netcoreapp3.1\Auditable.Tests.dll" adapterTypeName="executor://machine.vstestadapter/" className="Auditable.Tests.Core.Observed" name="When_auditing_observed_change::should_have_recorded_a_delta" />
    </UnitTest>
    <UnitTest name="Auditable.Tests.Core.Observed.When_auditing_observed_change.should_have_a_target_with_audit_modified" storage="d:\_code\gh-labs\auditable\src\auditable.tests\bin\release\netcoreapp3.1\auditable.tests.dll" id="a18df17d-2b83-1690-4c22-a62619d97dd1">
      <Execution id="5016e060-0f9d-4806-8e58-c8e062e6cdeb" />
      <TestMethod codeBase="D:\_code\gh-labs\auditable\src\Auditable.Tests\bin\Release\netcoreapp3.1\Auditable.Tests.dll" adapterTypeName="executor://machine.vstestadapter/" className="Auditable.Tests.Core.Observed" name="When_auditing_observed_change::should_have_a_target_with_audit_modified" />
    </UnitTest>
    <UnitTest name="Auditable.Tests.Core.Explicit.When_auditing_explicit_read.should_have_a_target_with_audit_removed_and_no_delta" storage="d:\_code\gh-labs\auditable\src\auditable.tests\bin\release\netcoreapp3.1\auditable.tests.dll" id="0370c5b5-5e9b-c4f2-8a4f-4d59326bac34">
      <Execution id="c9308fbb-488d-4402-af1e-57703fa75467" />
      <TestMethod codeBase="D:\_code\gh-labs\auditable\src\Auditable.Tests\bin\Release\netcoreapp3.1\Auditable.Tests.dll" adapterTypeName="executor://machine.vstestadapter/" className="Auditable.Tests.Core.Explicit" name="When_auditing_explicit_read::should_have_a_target_with_audit_removed_and_no_delta" />
    </UnitTest>
    <UnitTest name="Auditable.Tests.Core.Explicit.When_auditing_explicit_delete.should_have_a_target_with_audit_removed_and_no_delta" storage="d:\_code\gh-labs\auditable\src\auditable.tests\bin\release\netcoreapp3.1\auditable.tests.dll" id="47864e48-4f98-d2d6-8900-2232bfec76ea">
      <Execution id="50638044-280e-4afc-b918-b57d38967a35" />
      <TestMethod codeBase="D:\_code\gh-labs\auditable\src\Auditable.Tests\bin\Release\netcoreapp3.1\Auditable.Tests.dll" adapterTypeName="executor://machine.vstestadapter/" className="Auditable.Tests.Core.Explicit" name="When_auditing_explicit_delete::should_have_a_target_with_audit_removed_and_no_delta" />
    </UnitTest>
    <UnitTest name="Auditable.Tests.Core.When_the_scope_name_is_set.should_log_an_entry_with_the_action_name_set" storage="d:\_code\gh-labs\auditable\src\auditable.tests\bin\release\netcoreapp3.1\auditable.tests.dll" id="bb768799-f189-d40a-c75e-01677e5412fa">
      <Execution id="b369fb0d-0c43-4595-a05b-d297da096110" />
      <TestMethod codeBase="D:\_code\gh-labs\auditable\src\Auditable.Tests\bin\Release\netcoreapp3.1\Auditable.Tests.dll" adapterTypeName="executor://machine.vstestadapter/" className="Auditable.Tests.Core" name="When_the_scope_name_is_set::should_log_an_entry_with_the_action_name_set" />
    </UnitTest>
    <UnitTest name="Auditable.Tests.Format.When_creating_a_log_entry.should_add_the_expected_log_entry" storage="d:\_code\gh-labs\auditable\src\auditable.tests\bin\release\netcoreapp3.1\auditable.tests.dll" id="61def5dd-942e-d4df-41fb-10ad521291a0">
      <Execution id="d5eb4d24-a6ec-48ca-821b-a03c50dbb1ce" />
      <TestMethod codeBase="D:\_code\gh-labs\auditable\src\Auditable.Tests\bin\Release\netcoreapp3.1\Auditable.Tests.dll" adapterTypeName="executor://machine.vstestadapter/" className="Auditable.Tests.Format" name="When_creating_a_log_entry::should_add_the_expected_log_entry" />
    </UnitTest>
    <UnitTest name="Auditable.Tests.Core.When_autiding_2_objects_1_edit_1_read.should_add_a_single_log_entry_with_2_targets" storage="d:\_code\gh-labs\auditable\src\auditable.tests\bin\release\netcoreapp3.1\auditable.tests.dll" id="caf0d6a6-31a7-4fcc-7c04-a161c49ef2ac">
      <Execution id="91c08dbe-8394-4fd4-b6ed-5d8d6c2b7ea4" />
      <TestMethod codeBase="D:\_code\gh-labs\auditable\src\Auditable.Tests\bin\Release\netcoreapp3.1\Auditable.Tests.dll" adapterTypeName="executor://machine.vstestadapter/" className="Auditable.Tests.Core" name="When_autiding_2_objects_1_edit_1_read::should_add_a_single_log_entry_with_2_targets" />
    </UnitTest>
  </TestDefinitions>
  <TestEntries>
    <TestEntry testId="61def5dd-942e-d4df-41fb-10ad521291a0" executionId="d5eb4d24-a6ec-48ca-821b-a03c50dbb1ce" testListId="8c84fa94-04c1-424b-9868-57a2d4851a1d" />
    <TestEntry testId="0607017b-715c-dd8e-c55e-45b70c70f7d0" executionId="e5bfaa41-2117-4fc0-844a-0819b7988a21" testListId="8c84fa94-04c1-424b-9868-57a2d4851a1d" />
    <TestEntry testId="392a950a-9445-0f26-decb-7f05dac3176d" executionId="f42c2840-a7d4-4219-94f2-e7090a93e36c" testListId="8c84fa94-04c1-424b-9868-57a2d4851a1d" />
    <TestEntry testId="47864e48-4f98-d2d6-8900-2232bfec76ea" executionId="50638044-280e-4afc-b918-b57d38967a35" testListId="8c84fa94-04c1-424b-9868-57a2d4851a1d" />
    <TestEntry testId="bb768799-f189-d40a-c75e-01677e5412fa" executionId="b369fb0d-0c43-4595-a05b-d297da096110" testListId="8c84fa94-04c1-424b-9868-57a2d4851a1d" />
    <TestEntry testId="0370c5b5-5e9b-c4f2-8a4f-4d59326bac34" executionId="c9308fbb-488d-4402-af1e-57703fa75467" testListId="8c84fa94-04c1-424b-9868-57a2d4851a1d" />
    <TestEntry testId="caf0d6a6-31a7-4fcc-7c04-a161c49ef2ac" executionId="91c08dbe-8394-4fd4-b6ed-5d8d6c2b7ea4" testListId="8c84fa94-04c1-424b-9868-57a2d4851a1d" />
    <TestEntry testId="4e7a9016-5d2b-3e11-4acd-c15a63cae108" executionId="10964fc1-b218-4f18-97bb-27715c8798aa" testListId="8c84fa94-04c1-424b-9868-57a2d4851a1d" />
    <TestEntry testId="a18df17d-2b83-1690-4c22-a62619d97dd1" executionId="5016e060-0f9d-4806-8e58-c8e062e6cdeb" testListId="8c84fa94-04c1-424b-9868-57a2d4851a1d" />
    <TestEntry testId="cc0cb48e-7d81-1feb-175d-5ece48c3b2b7" executionId="fe3e0768-e5bf-4098-8605-0377eb01c042" testListId="8c84fa94-04c1-424b-9868-57a2d4851a1d" />
  </TestEntries>
  <TestLists>
    <TestList name="Results Not in a List" id="8c84fa94-04c1-424b-9868-57a2d4851a1d" />
    <TestList name="All Loaded Results" id="19431567-8539-422a-85d7-44ee4e166bda" />
  </TestLists>
  <ResultSummary outcome="Completed">
    <Counters total="10" executed="10" passed="10" failed="0" error="0" timeout="0" aborted="0" inconclusive="0" passedButRunAborted="0" notRunnable="0" notExecuted="0" disconnected="0" warning="0" completed="0" inProgress="0" pending="0" />
    <Output>
      <StdOut>Machine Specifications Visual Studio Test Adapter - Executing Source Specifications.&#xD;
Machine Specifications Visual Studio Test Adapter - Discovering Specifications.&#xD;
Machine Specifications Visual Studio Test Adapter - Discovering...looking in D:\_code\gh-labs\auditable\src\Auditable.Tests\bin\Release\netcoreapp3.1\Auditable.Tests.dll&#xD;
Machine Specifications Visual Studio Test Adapter - Discovery Complete - 10 specifications in 1 of 1 assemblies scanned.&#xD;
Machine Specifications Visual Studio Test Adapter - Executing Test Specifications.&#xD;
Machine Specifications Visual Studio Test Adapter - Filter property set ''&#xD;
Machine Specifications Visual Studio Test Adapter - Executing 10 tests in 'D:\_code\gh-labs\auditable\src\Auditable.Tests\bin\Release\netcoreapp3.1\Auditable.Tests.dll'.&#xD;
Machine Specifications Visual Studio Test Adapter - Execution Complete - 10 of 10 specifications in 1 assemblies.&#xD;
Machine Specifications Visual Studio Test Adapter - Executing Source Specifications Complete.&#xD;
</StdOut>
    </Output>
  </ResultSummary>
</TestRun>